<?xml version="1.0" encoding="UTF-8"?>
<!-- Generated by org.testng.reporters.JUnitXMLReporter -->
<testsuite ignored="0" hostname="DESKTOP-884QDQC" failures="0" tests="3" name="Run on Chrome" time="0.029" errors="0" timestamp="17 Nov 2021 18:01:03 GMT">
  <testcase classname="com.nopcommerce.user.User_01_Register_Login" name="TC_01" time="0.005"/>
  <testcase classname="com.nopcommerce.user.User_01_Register_Login" name="TC_02" time="0.0"/>
  <testcase classname="com.nopcommerce.user.User_01_Register_Login" name="TC_03" time="0.001"/>
</testsuite> <!-- Run on Chrome -->
